<?xml version="1.0" encoding="UTF-8"?>
<testsuite xmlns:xsi="http://www.w3.org/2001/XMLSchema-instance" xsi:noNamespaceSchemaLocation="https://maven.apache.org/surefire/maven-surefire-plugin/xsd/surefire-test-report.xsd" name="com.gosuncn.shop.SpringBootShopApplicationTests" time="1.407" tests="7" errors="0" skipped="0" failures="0">
  <properties>
[...]
</properties>
  <testcase name="testUtils" classname="com.gosuncn.shop.SpringBootShopApplicationTests" time="0.866"/>
  <testcase name="testUUID" classname="com.gosuncn.shop.SpringBootShopApplicationTests" time="0.003"/>
  <testcase name="testProvince" classname="com.gosuncn.shop.SpringBootShopApplicationTests" time="0.135"/>
  <testcase name="testSaveSchool" classname="com.gosuncn.shop.SpringBootShopApplicationTests" time="0.209"/>
  <testcase name="contextLoads" classname="com.gosuncn.shop.SpringBootShopApplicationTests" time="0.036"/>
  <testcase name="testSearch" classname="com.gosuncn.shop.SpringBootShopApplicationTests" time="0.139"/>
  <testcase name="testPassword" classname="com.gosuncn.shop.SpringBootShopApplicationTests" time="0.014"/>
</testsuite>